<?xml version="1.0" encoding="UTF-8"?>
<testng-results skipped="0" failed="0" ignored="0" total="3" passed="3">
  <reporter-output>
  </reporter-output>
  <suite name="Suite" duration-ms="48581" started-at="2018-12-15T15:52:16Z" finished-at="2018-12-15T15:53:05Z">
    <groups>
    </groups>
    <test name="Test" duration-ms="48581" started-at="2018-12-15T15:52:16Z" finished-at="2018-12-15T15:53:05Z">
      <class name="org.zia.selenium.ddt.BankLoginExcel">
        <test-method status="PASS" signature="loginToBank(java.lang.String, java.lang.String)[pri:0, instance:org.zia.selenium.ddt.BankLoginExcel@1e88b3c]" name="loginToBank" duration-ms="16410" started-at="2018-12-15T15:52:17Z" data-provider="bank" finished-at="2018-12-15T15:52:33Z">
          <params>
            <param index="0">
              <value>
                <![CDATA[admin1]]>
              </value>
            </param>
            <param index="1">
              <value>
                <![CDATA[demo1]]>
              </value>
            </param>
          </params>
          <reporter-output>
          </reporter-output>
        </test-method> <!-- loginToBank -->
        <test-method status="PASS" signature="teardown()[pri:0, instance:org.zia.selenium.ddt.BankLoginExcel@1e88b3c]" name="teardown" is-config="true" duration-ms="1392" started-at="2018-12-15T15:52:33Z" finished-at="2018-12-15T15:52:35Z">
          <reporter-output>
          </reporter-output>
        </test-method> <!-- teardown -->
        <test-method status="PASS" signature="loginToBank(java.lang.String, java.lang.String)[pri:0, instance:org.zia.selenium.ddt.BankLoginExcel@1e88b3c]" name="loginToBank" duration-ms="13350" started-at="2018-12-15T15:52:35Z" data-provider="bank" finished-at="2018-12-15T15:52:48Z">
          <params>
            <param index="0">
              <value>
                <![CDATA[rahman]]>
              </value>
            </param>
            <param index="1">
              <value>
                <![CDATA[zia123]]>
              </value>
            </param>
          </params>
          <reporter-output>
          </reporter-output>
        </test-method> <!-- loginToBank -->
        <test-method status="PASS" signature="teardown()[pri:0, instance:org.zia.selenium.ddt.BankLoginExcel@1e88b3c]" name="teardown" is-config="true" duration-ms="1392" started-at="2018-12-15T15:52:48Z" finished-at="2018-12-15T15:52:49Z">
          <reporter-output>
          </reporter-output>
        </test-method> <!-- teardown -->
        <test-method status="PASS" signature="loginToBank(java.lang.String, java.lang.String)[pri:0, instance:org.zia.selenium.ddt.BankLoginExcel@1e88b3c]" name="loginToBank" duration-ms="13851" started-at="2018-12-15T15:52:49Z" data-provider="bank" finished-at="2018-12-15T15:53:03Z">
          <params>
            <param index="0">
              <value>
                <![CDATA[admin]]>
              </value>
            </param>
            <param index="1">
              <value>
                <![CDATA[demo3]]>
              </value>
            </param>
          </params>
          <reporter-output>
          </reporter-output>
        </test-method> <!-- loginToBank -->
        <test-method status="PASS" signature="teardown()[pri:0, instance:org.zia.selenium.ddt.BankLoginExcel@1e88b3c]" name="teardown" is-config="true" duration-ms="1276" started-at="2018-12-15T15:53:03Z" finished-at="2018-12-15T15:53:05Z">
          <reporter-output>
          </reporter-output>
        </test-method> <!-- teardown -->
      </class> <!-- org.zia.selenium.ddt.BankLoginExcel -->
    </test> <!-- Test -->
  </suite> <!-- Suite -->
</testng-results>
