<?xml version="1.0" encoding="UTF-8"?>
<!-- Generated by org.testng.reporters.JUnitXMLReporter -->
<testsuite hostname="DESKTOP-5NO69JU" ignored="0" name="Test" tests="3" failures="0" timestamp="15 Dec 2018 15:53:05 GMT" time="48.581" errors="0">
  <testcase name="loginToBank" time="16.41" classname="org.zia.selenium.ddt.BankLoginExcel"/>
  <testcase name="loginToBank" time="13.35" classname="org.zia.selenium.ddt.BankLoginExcel"/>
  <testcase name="loginToBank" time="13.851" classname="org.zia.selenium.ddt.BankLoginExcel"/>
</testsuite> <!-- Test -->
