<?xml version="1.0" encoding="UTF-8"?>
<!-- Generated by org.testng.reporters.JUnitXMLReporter -->
<testsuite hostname="DESKTOP-5NO69JU" ignored="0" name="Default test" tests="3" failures="0" timestamp="15 Dec 2018 15:47:19 GMT" time="49.942" errors="0">
  <testcase name="loginToBank" time="19.532" classname="org.zia.selenium.ddt.BankLoginExcel"/>
  <testcase name="loginToBank" time="13.059" classname="org.zia.selenium.ddt.BankLoginExcel"/>
  <testcase name="loginToBank" time="12.529" classname="org.zia.selenium.ddt.BankLoginExcel"/>
</testsuite> <!-- Default test -->
